{"/Users/noahkalyesubula/codepirates-ah-frontend/src/index.js": {"path":"/Users/noahkalyesubula/codepirates-ah-frontend/src/index.js","statementMap":{"0":{"start":{"line":9,"column":0},"end":{"line":9,"column":84}}},"fnMap":{},"branchMap":{},"s":{"0":0},"f":{},"b":{},"hash":"84b8eaa427926033a8dade82dc54bb83f7a3e963"}
,"/Users/noahkalyesubula/codepirates-ah-frontend/src/components/Routes.js": {"path":"/Users/noahkalyesubula/codepirates-ah-frontend/src/components/Routes.js","statementMap":{"0":{"start":{"line":7,"column":15},"end":{"line":13,"column":1}},"1":{"start":{"line":8,"column":2},"end":{"line":12,"column":11}}},"fnMap":{"0":{"name":"(anonymous_0)","decl":{"start":{"line":7,"column":15},"end":{"line":7,"column":16}},"loc":{"start":{"line":8,"column":2},"end":{"line":12,"column":11}},"line":8}},"branchMap":{},"s":{"0":2,"1":1},"f":{"0":1},"b":{},"_coverageSchema":"43e27e138ebf9cfc5966b082cf9a028302ed4184","hash":"920042fdac34bd558706bb92521ca87fea49a2b6"}
,"/Users/noahkalyesubula/codepirates-ah-frontend/src/components/app.js": {"path":"/Users/noahkalyesubula/codepirates-ah-frontend/src/components/app.js","statementMap":{"0":{"start":{"line":6,"column":12},"end":{"line":13,"column":1}},"1":{"start":{"line":7,"column":2},"end":{"line":12,"column":8}}},"fnMap":{"0":{"name":"(anonymous_0)","decl":{"start":{"line":6,"column":12},"end":{"line":6,"column":13}},"loc":{"start":{"line":7,"column":2},"end":{"line":12,"column":8}},"line":7}},"branchMap":{},"s":{"0":1,"1":1},"f":{"0":1},"b":{},"_coverageSchema":"43e27e138ebf9cfc5966b082cf9a028302ed4184","hash":"333680b6f956318410cb0ed46a5d25d6e9262ece"}
,"/Users/noahkalyesubula/codepirates-ah-frontend/src/components/notfound/notFound.js": {"path":"/Users/noahkalyesubula/codepirates-ah-frontend/src/components/notfound/notFound.js","statementMap":{"0":{"start":{"line":7,"column":17},"end":{"line":24,"column":1}},"1":{"start":{"line":8,"column":2},"end":{"line":22,"column":5}}},"fnMap":{"0":{"name":"(anonymous_0)","decl":{"start":{"line":7,"column":17},"end":{"line":7,"column":18}},"loc":{"start":{"line":8,"column":2},"end":{"line":22,"column":5}},"line":8}},"branchMap":{},"s":{"0":3,"1":1},"f":{"0":1},"b":{},"_coverageSchema":"43e27e138ebf9cfc5966b082cf9a028302ed4184","hash":"2504498f7cca57ecc2f1e11999c7dcdea18c5296"}
,"/Users/noahkalyesubula/codepirates-ah-frontend/src/components/privacy/privacy.js": {"path":"/Users/noahkalyesubula/codepirates-ah-frontend/src/components/privacy/privacy.js","statementMap":{"0":{"start":{"line":3,"column":16},"end":{"line":10,"column":1}},"1":{"start":{"line":4,"column":2},"end":{"line":8,"column":5}}},"fnMap":{"0":{"name":"(anonymous_0)","decl":{"start":{"line":3,"column":16},"end":{"line":3,"column":17}},"loc":{"start":{"line":4,"column":2},"end":{"line":8,"column":5}},"line":4}},"branchMap":{},"s":{"0":3,"1":1},"f":{"0":1},"b":{},"_coverageSchema":"43e27e138ebf9cfc5966b082cf9a028302ed4184","hash":"a88121d831efe84656fc4a0fa944394edfe1703c"}
,"/Users/noahkalyesubula/codepirates-ah-frontend/src/components/welcome/welcome.js": {"path":"/Users/noahkalyesubula/codepirates-ah-frontend/src/components/welcome/welcome.js","statementMap":{"0":{"start":{"line":5,"column":16},"end":{"line":14,"column":1}},"1":{"start":{"line":6,"column":2},"end":{"line":13,"column":8}}},"fnMap":{"0":{"name":"(anonymous_0)","decl":{"start":{"line":5,"column":16},"end":{"line":5,"column":17}},"loc":{"start":{"line":6,"column":2},"end":{"line":13,"column":8}},"line":6}},"branchMap":{},"s":{"0":3,"1":1},"f":{"0":1},"b":{},"_coverageSchema":"43e27e138ebf9cfc5966b082cf9a028302ed4184","hash":"ec2e2b240b497ea626830cb4b69c1ac975458551"}
,"/Users/noahkalyesubula/codepirates-ah-frontend/src/redux/actions/actionTypes.js": {"path":"/Users/noahkalyesubula/codepirates-ah-frontend/src/redux/actions/actionTypes.js","statementMap":{},"fnMap":{},"branchMap":{},"s":{},"f":{},"b":{},"hash":"15446e728710b8b34968cafc24ea429dfe1573ef"}
,"/Users/noahkalyesubula/codepirates-ah-frontend/src/redux/reducers/index.js": {"path":"/Users/noahkalyesubula/codepirates-ah-frontend/src/redux/reducers/index.js","statementMap":{},"fnMap":{},"branchMap":{},"s":{},"f":{},"b":{},"hash":"968dc136488726d59db74c4c2faf51600efb4833"}
,"/Users/noahkalyesubula/codepirates-ah-frontend/src/redux/store/index.js": {"path":"/Users/noahkalyesubula/codepirates-ah-frontend/src/redux/store/index.js","statementMap":{"0":{"start":{"line":7,"column":20},"end":{"line":7,"column":131}}},"fnMap":{},"branchMap":{"0":{"loc":{"start":{"line":7,"column":20},"end":{"line":7,"column":131}},"type":"cond-expr","locations":[{"start":{"line":7,"column":60},"end":{"line":7,"column":121}},{"start":{"line":7,"column":124},"end":{"line":7,"column":131}}],"line":7}},"s":{"0":0},"f":{},"b":{"0":[0,0]},"hash":"17efd95d03b09c6b0b5e17d7879bad9ee58696e0"}
,"/Users/noahkalyesubula/codepirates-ah-frontend/src/redux/store/initialState.js": {"path":"/Users/noahkalyesubula/codepirates-ah-frontend/src/redux/store/initialState.js","statementMap":{},"fnMap":{},"branchMap":{},"s":{},"f":{},"b":{},"hash":"ce772171d7467d499d12178ac10eaa66546a7cd4"}
}
