TN:
SF:/Users/noahkalyesubula/codepirates-ah-frontend/src/index.js
FNF:0
FNH:0
DA:9,0
LF:1
LH:0
BRF:0
BRH:0
end_of_record
TN:
SF:/Users/noahkalyesubula/codepirates-ah-frontend/src/components/Routes.js
FN:7,(anonymous_0)
FNF:1
FNH:1
FNDA:1,(anonymous_0)
DA:7,2
DA:8,1
LF:2
LH:2
BRF:0
BRH:0
end_of_record
TN:
SF:/Users/noahkalyesubula/codepirates-ah-frontend/src/components/app.js
FN:6,(anonymous_0)
FNF:1
FNH:1
FNDA:1,(anonymous_0)
DA:6,1
DA:7,1
LF:2
LH:2
BRF:0
BRH:0
end_of_record
TN:
SF:/Users/noahkalyesubula/codepirates-ah-frontend/src/components/notfound/notFound.js
FN:7,(anonymous_0)
FNF:1
FNH:1
FNDA:1,(anonymous_0)
DA:7,3
DA:8,1
LF:2
LH:2
BRF:0
BRH:0
end_of_record
TN:
SF:/Users/noahkalyesubula/codepirates-ah-frontend/src/components/privacy/privacy.js
FN:3,(anonymous_0)
FNF:1
FNH:1
FNDA:1,(anonymous_0)
DA:3,3
DA:4,1
LF:2
LH:2
BRF:0
BRH:0
end_of_record
TN:
SF:/Users/noahkalyesubula/codepirates-ah-frontend/src/components/welcome/welcome.js
FN:5,(anonymous_0)
FNF:1
FNH:1
FNDA:1,(anonymous_0)
DA:5,3
DA:6,1
LF:2
LH:2
BRF:0
BRH:0
end_of_record
TN:
SF:/Users/noahkalyesubula/codepirates-ah-frontend/src/redux/actions/actionTypes.js
FNF:0
FNH:0
LF:0
LH:0
BRF:0
BRH:0
end_of_record
TN:
SF:/Users/noahkalyesubula/codepirates-ah-frontend/src/redux/reducers/index.js
FNF:0
FNH:0
LF:0
LH:0
BRF:0
BRH:0
end_of_record
TN:
SF:/Users/noahkalyesubula/codepirates-ah-frontend/src/redux/store/index.js
FNF:0
FNH:0
DA:7,0
LF:1
LH:0
BRDA:7,0,0,0
BRDA:7,0,1,0
BRF:2
BRH:0
end_of_record
TN:
SF:/Users/noahkalyesubula/codepirates-ah-frontend/src/redux/store/initialState.js
FNF:0
FNH:0
LF:0
LH:0
BRF:0
BRH:0
end_of_record
